<?xml version="1.0" encoding="UTF-8"?>
<testng-results total="1" passed="1" failed="0" skipped="0">
  <reporter-output>
  </reporter-output>
  <suite started-at="2023-11-26T19:45:18Z" name="Surefire suite" finished-at="2023-11-26T19:45:18Z" duration-ms="88">
    <groups>
    </groups>
    <test started-at="2023-11-26T19:45:18Z" name="Surefire test" finished-at="2023-11-26T19:45:18Z" duration-ms="88">
      <class name="capstone.insurancetesting.AppTest">
        <test-method signature="shouldAnswerWithTrue()[pri:0, instance:shouldAnswerWithTrue(capstone.insurancetesting.AppTest)]" started-at="2023-11-26T11:45:18Z" name="shouldAnswerWithTrue" finished-at="2023-11-26T11:45:18Z" duration-ms="5" status="PASS">
          <reporter-output>
          </reporter-output>
        </test-method> <!-- shouldAnswerWithTrue -->
      </class> <!-- capstone.insurancetesting.AppTest -->
    </test> <!-- Surefire test -->
  </suite> <!-- Surefire suite -->
</testng-results>
